<?xml version="1.0" encoding="UTF-8"?>
<!-- Generated by org.testng.reporters.JUnitReportReporter -->
<testsuite hostname="A210295081" name="com.snapworks.tests.AdminAnnouncementTest" tests="1" failures="0" timestamp="18 Dec 2018 19:48:44 GMT" time="51.471" errors="0">
  <testcase name="ValidateAnnouncements" time="51.471" classname="com.snapworks.tests.AdminAnnouncementTest"/>
</testsuite> <!-- com.snapworks.tests.AdminAnnouncementTest -->
