<?xml version="1.0" encoding="UTF-8"?>
<!-- Generated by org.testng.reporters.JUnitReportReporter -->
<testsuite hostname="A210295081" name="com.snapworks.tests.AccessControlTest" tests="1" failures="0" timestamp="13 Dec 2018 19:30:50 GMT" time="22.716" errors="0">
  <testcase name="ValidateAnnouncements" time="22.716" classname="com.snapworks.tests.AccessControlTest"/>
</testsuite> <!-- com.snapworks.tests.AccessControlTest -->
