<?xml version="1.0" encoding="UTF-8"?>
<!-- Generated by org.testng.reporters.JUnitReportReporter -->
<testsuite hostname="A210295081" name="com.snapworks.tests.LoginTest" tests="3" failures="0" timestamp="31 Oct 2018 21:33:56 GMT" time="48.828" errors="0">
  <testcase name="verifyRememberMeCheckedFunctionality" time="14.234" classname="com.snapworks.tests.LoginTest"/>
  <testcase name="verifyRememberMeUnCheckedFunctionality" time="19.653" classname="com.snapworks.tests.LoginTest"/>
  <testcase name="verifyLoginFunctionality" time="14.941" classname="com.snapworks.tests.LoginTest"/>
</testsuite> <!-- com.snapworks.tests.LoginTest -->
