<?xml version="1.0" encoding="UTF-8"?>
<!-- Generated by org.testng.reporters.JUnitReportReporter -->
<testsuite hostname="A210295081" name="com.snapworks.tests.ReimbursementTest" tests="1" failures="0" timestamp="28 Nov 2018 22:56:51 GMT" time="83.620" errors="0">
  <testcase name="reimbursementTest" time="83.620" classname="com.snapworks.tests.ReimbursementTest"/>
</testsuite> <!-- com.snapworks.tests.ReimbursementTest -->
