<?xml version="1.0" encoding="UTF-8"?>
<!-- Generated by org.testng.reporters.JUnitReportReporter -->
<testsuite hostname="A210295081" name="com.snapworks.tests.AdminAplicationConfigurationTest" tests="1" failures="0" timestamp="18 Dec 2018 20:51:37 GMT" time="32.953" errors="0">
  <testcase name="ValidateAnnouncements" time="32.953" classname="com.snapworks.tests.AdminAplicationConfigurationTest"/>
</testsuite> <!-- com.snapworks.tests.AdminAplicationConfigurationTest -->
