<?xml version="1.0" encoding="UTF-8"?>
<!-- Generated by org.testng.reporters.JUnitReportReporter -->
<testsuite hostname="A210295081" name="com.snapworks.tests.SnapWorksClientFullTest" tests="1" failures="0" timestamp="26 Dec 2018 19:01:42 GMT" time="238.578" errors="0">
  <testcase name="SnapWorksTest" time="238.578" classname="com.snapworks.tests.SnapWorksClientFullTest"/>
</testsuite> <!-- com.snapworks.tests.SnapWorksClientFullTest -->
